forrtl: error (78): process killed (SIGTERM)
Image              PC                Routine            Line        Source             
vasp_std_dri       000000000151F0AE  Unknown               Unknown  Unknown
libpthread-2.17.s  00002B10BF0F75E0  Unknown               Unknown  Unknown
libmkl_avx.so      00002B10D0CDFCD7  Unknown               Unknown  Unknown
forrtl: error (78): process killed (SIGTERM)
Image              PC                Routine            Line        Source             
vasp_std_dri       000000000151F0AE  Unknown               Unknown  Unknown
libpthread-2.17.s  00002B8E536F15E0  Unknown               Unknown  Unknown
libmkl_avx.so      00002B8E652E1DD7  Unknown               Unknown  Unknown
forrtl: error (78): process killed (SIGTERM)
Image              PC                Routine            Line        Source             
vasp_std_dri       000000000151F0AE  Unknown               Unknown  Unknown
libpthread-2.17.s  00002B9FBEC6B5E0  Unknown               Unknown  Unknown
libmkl_avx.so      00002B9FD089CD06  Unknown               Unknown  Unknown
forrtl: error (78): process killed (SIGTERM)
Image              PC                Routine            Line        Source             
vasp_std_dri       000000000151F0AE  Unknown               Unknown  Unknown
libpthread-2.17.s  00002B67ADB1B5E0  Unknown               Unknown  Unknown
vasp_std_dri       00000000005FA9BC  Unknown               Unknown  Unknown
vasp_std_dri       00000000006460F9  Unknown               Unknown  Unknown
vasp_std_dri       0000000000D46379  Unknown               Unknown  Unknown
vasp_std_dri       0000000000DB0F3E  Unknown               Unknown  Unknown
vasp_std_dri       000000000137B98D  Unknown               Unknown  Unknown
vasp_std_dri       000000000040B65E  Unknown               Unknown  Unknown
libc-2.17.so       00002B67AE04BC05  __libc_start_main     Unknown  Unknown
vasp_std_dri       000000000040B569  Unknown               Unknown  Unknown
forrtl: error (78): process killed (SIGTERM)
Image              PC                Routine            Line        Source             
vasp_std_dri       000000000151F0AE  Unknown               Unknown  Unknown
libpthread-2.17.s  00002B2AA9E885E0  Unknown               Unknown  Unknown
libmpi.so.12       00002B2AA8F153C7  PMPIDI_CH3I_Progr     Unknown  Unknown
libmpi.so.12.0     00002B2AA907C1E0  Unknown               Unknown  Unknown
libmpi.so.12.0     00002B2AA8ED4C78  Unknown               Unknown  Unknown
libmpi.so.12       00002B2AA8EDA006  PMPI_Allreduce        Unknown  Unknown
libmpifort.so.12.  00002B2AA8A8BFF1  mpi_allreduce_        Unknown  Unknown
vasp_std_dri       000000000041971F  Unknown               Unknown  Unknown
vasp_std_dri       00000000005FA313  Unknown               Unknown  Unknown
vasp_std_dri       00000000006460F9  Unknown               Unknown  Unknown
vasp_std_dri       0000000000D46379  Unknown               Unknown  Unknown
vasp_std_dri       0000000000DB0F3E  Unknown               Unknown  Unknown
vasp_std_dri       000000000137B98D  Unknown               Unknown  Unknown
vasp_std_dri       000000000040B65E  Unknown               Unknown  Unknown
libc-2.17.so       00002B2AAA3B8C05  __libc_start_main     Unknown  Unknown
vasp_std_dri       000000000040B569  Unknown               Unknown  Unknown
forrtl: error (78): process killed (SIGTERM)
Image              PC                Routine            Line        Source             
vasp_std_dri       000000000151F0AE  Unknown               Unknown  Unknown
libpthread-2.17.s  00002ABB48E495E0  Unknown               Unknown  Unknown
libmpi.so.12       00002ABB47ED5D61  PMPIDI_CH3I_Progr     Unknown  Unknown
libmpi.so.12.0     00002ABB4803D1E0  Unknown               Unknown  Unknown
libmpi.so.12.0     00002ABB47E95C78  Unknown               Unknown  Unknown
libmpi.so.12       00002ABB47E9B006  PMPI_Allreduce        Unknown  Unknown
libmpifort.so.12.  00002ABB47A4CFF1  mpi_allreduce_        Unknown  Unknown
vasp_std_dri       000000000041971F  Unknown               Unknown  Unknown
vasp_std_dri       00000000005FA313  Unknown               Unknown  Unknown
vasp_std_dri       00000000006460F9  Unknown               Unknown  Unknown
vasp_std_dri       0000000000D46379  Unknown               Unknown  Unknown
vasp_std_dri       0000000000DB0F3E  Unknown               Unknown  Unknown
vasp_std_dri       000000000137B98D  Unknown               Unknown  Unknown
vasp_std_dri       000000000040B65E  Unknown               Unknown  Unknown
libc-2.17.so       00002ABB49379C05  __libc_start_main     Unknown  Unknown
vasp_std_dri       000000000040B569  Unknown               Unknown  Unknown
forrtl: error (78): process killed (SIGTERM)
Image              PC                Routine            Line        Source             
vasp_std_dri       000000000151F0AE  Unknown               Unknown  Unknown
libpthread-2.17.s  00002B5891A475E0  Unknown               Unknown  Unknown
libmpi.so.12       00002B5890AD454E  PMPIDI_CH3I_Progr     Unknown  Unknown
libmpi.so.12.0     00002B5890C3A053  Unknown               Unknown  Unknown
libmpi.so.12.0     00002B5890A92DD7  Unknown               Unknown  Unknown
libmpi.so.12       00002B5890A99006  PMPI_Allreduce        Unknown  Unknown
libmpifort.so.12.  00002B589064AFF1  mpi_allreduce_        Unknown  Unknown
vasp_std_dri       000000000041971F  Unknown               Unknown  Unknown
vasp_std_dri       00000000005FA313  Unknown               Unknown  Unknown
vasp_std_dri       00000000006460F9  Unknown               Unknown  Unknown
vasp_std_dri       0000000000D46379  Unknown               Unknown  Unknown
vasp_std_dri       0000000000DB0F3E  Unknown               Unknown  Unknown
vasp_std_dri       000000000137B98D  Unknown               Unknown  Unknown
vasp_std_dri       000000000040B65E  Unknown               Unknown  Unknown
libc-2.17.so       00002B5891F77C05  __libc_start_main     Unknown  Unknown
vasp_std_dri       000000000040B569  Unknown               Unknown  Unknown
forrtl: error (78): process killed (SIGTERM)
Image              PC                Routine            Line        Source             
vasp_std_dri       000000000151F0AE  Unknown               Unknown  Unknown
libpthread-2.17.s  00002B1736F855E0  Unknown               Unknown  Unknown
libmpi.so.12       00002B17360120A3  PMPIDI_CH3I_Progr     Unknown  Unknown
libmpi.so.12.0     00002B1736178053  Unknown               Unknown  Unknown
libmpi.so.12.0     00002B1735FD0DD7  Unknown               Unknown  Unknown
libmpi.so.12       00002B1735FD7006  PMPI_Allreduce        Unknown  Unknown
libmpifort.so.12.  00002B1735B88FF1  mpi_allreduce_        Unknown  Unknown
vasp_std_dri       000000000041971F  Unknown               Unknown  Unknown
vasp_std_dri       00000000005FA313  Unknown               Unknown  Unknown
vasp_std_dri       00000000006460F9  Unknown               Unknown  Unknown
vasp_std_dri       0000000000D46379  Unknown               Unknown  Unknown
vasp_std_dri       0000000000DB0F3E  Unknown               Unknown  Unknown
vasp_std_dri       000000000137B98D  Unknown               Unknown  Unknown
vasp_std_dri       000000000040B65E  Unknown               Unknown  Unknown
libc-2.17.so       00002B17374B5C05  __libc_start_main     Unknown  Unknown
vasp_std_dri       000000000040B569  Unknown               Unknown  Unknown
forrtl: error (78): process killed (SIGTERM)
Image              PC                Routine            Line        Source             
vasp_std_dri       000000000151F0AE  Unknown               Unknown  Unknown
libpthread-2.17.s  00002B5CB33A85E0  Unknown               Unknown  Unknown
libmpi.so.12       00002B5CB2435536  PMPIDI_CH3I_Progr     Unknown  Unknown
libmpi.so.12.0     00002B5CB259B053  Unknown               Unknown  Unknown
libmpi.so.12.0     00002B5CB23F3DD7  Unknown               Unknown  Unknown
libmpi.so.12       00002B5CB23FA006  PMPI_Allreduce        Unknown  Unknown
libmpifort.so.12.  00002B5CB1FABFF1  mpi_allreduce_        Unknown  Unknown
vasp_std_dri       000000000041971F  Unknown               Unknown  Unknown
vasp_std_dri       00000000005FA313  Unknown               Unknown  Unknown
vasp_std_dri       00000000006460F9  Unknown               Unknown  Unknown
vasp_std_dri       0000000000D46379  Unknown               Unknown  Unknown
vasp_std_dri       0000000000DB0F3E  Unknown               Unknown  Unknown
vasp_std_dri       000000000137B98D  Unknown               Unknown  Unknown
vasp_std_dri       000000000040B65E  Unknown               Unknown  Unknown
libc-2.17.so       00002B5CB38D8C05  __libc_start_main     Unknown  Unknown
vasp_std_dri       000000000040B569  Unknown               Unknown  Unknown
forrtl: error (78): process killed (SIGTERM)
Image              PC                Routine            Line        Source             
vasp_std_dri       000000000151F0AE  Unknown               Unknown  Unknown
libpthread-2.17.s  00002B3B9CA4E5E0  Unknown               Unknown  Unknown
libmpi.so.12.0     00002B3B9BD52831  Unknown               Unknown  Unknown
libmpi.so.12.0     00002B3B9BD4F046  Unknown               Unknown  Unknown
libmpi.so.12.0     00002B3B9BD18BD0  Unknown               Unknown  Unknown
libmpi.so.12       00002B3B9BADCBC8  PMPIDI_CH3I_Progr     Unknown  Unknown
libmpi.so.12.0     00002B3B9BC421E0  Unknown               Unknown  Unknown
libmpi.so.12.0     00002B3B9BA9AC78  Unknown               Unknown  Unknown
libmpi.so.12       00002B3B9BAA0006  PMPI_Allreduce        Unknown  Unknown
libmpifort.so.12.  00002B3B9B651FF1  mpi_allreduce_        Unknown  Unknown
vasp_std_dri       000000000041971F  Unknown               Unknown  Unknown
vasp_std_dri       00000000005FA313  Unknown               Unknown  Unknown
vasp_std_dri       00000000006460F9  Unknown               Unknown  Unknown
vasp_std_dri       0000000000D46379  Unknown               Unknown  Unknown
vasp_std_dri       0000000000DB0F3E  Unknown               Unknown  Unknown
vasp_std_dri       000000000137B98D  Unknown               Unknown  Unknown
vasp_std_dri       000000000040B65E  Unknown               Unknown  Unknown
libc-2.17.so       00002B3B9CF7EC05  __libc_start_main     Unknown  Unknown
vasp_std_dri       000000000040B569  Unknown               Unknown  Unknown
forrtl: error (78): process killed (SIGTERM)
Image              PC                Routine            Line        Source             
vasp_std_dri       000000000151F0AE  Unknown               Unknown  Unknown
libpthread-2.17.s  00002B6A840B05E0  Unknown               Unknown  Unknown
libmpi.so.12.0     00002B6A833B33B1  Unknown               Unknown  Unknown
libmpi.so.12.0     00002B6A833B102E  Unknown               Unknown  Unknown
libmpi.so.12.0     00002B6A8337ABD0  Unknown               Unknown  Unknown
libmpi.so.12       00002B6A8313EBC8  PMPIDI_CH3I_Progr     Unknown  Unknown
libmpi.so.12.0     00002B6A832A41E0  Unknown               Unknown  Unknown
libmpi.so.12.0     00002B6A830FCC78  Unknown               Unknown  Unknown
libmpi.so.12       00002B6A83102006  PMPI_Allreduce        Unknown  Unknown
libmpifort.so.12.  00002B6A82CB3FF1  mpi_allreduce_        Unknown  Unknown
vasp_std_dri       000000000041971F  Unknown               Unknown  Unknown
vasp_std_dri       00000000005FA313  Unknown               Unknown  Unknown
vasp_std_dri       00000000006460F9  Unknown               Unknown  Unknown
vasp_std_dri       0000000000D46379  Unknown               Unknown  Unknown
vasp_std_dri       0000000000DB0F3E  Unknown               Unknown  Unknown
vasp_std_dri       000000000137B98D  Unknown               Unknown  Unknown
vasp_std_dri       000000000040B65E  Unknown               Unknown  Unknown
libc-2.17.so       00002B6A845E0C05  __libc_start_main     Unknown  Unknown
vasp_std_dri       000000000040B569  Unknown               Unknown  Unknown
forrtl: error (78): process killed (SIGTERM)
Image              PC                Routine            Line        Source             
vasp_std_dri       000000000151F0AE  Unknown               Unknown  Unknown
libpthread-2.17.s  00002B562A5E15E0  Unknown               Unknown  Unknown
libmpi.so.12.0     00002B56298E4277  Unknown               Unknown  Unknown
libmpi.so.12.0     00002B56298E202E  Unknown               Unknown  Unknown
libmpi.so.12.0     00002B56298ABBD0  Unknown               Unknown  Unknown
libmpi.so.12       00002B562966FBC8  PMPIDI_CH3I_Progr     Unknown  Unknown
libmpi.so.12.0     00002B56297D4053  Unknown               Unknown  Unknown
libmpi.so.12.0     00002B562962CDD7  Unknown               Unknown  Unknown
libmpi.so.12       00002B5629633006  PMPI_Allreduce        Unknown  Unknown
libmpifort.so.12.  00002B56291E4FF1  mpi_allreduce_        Unknown  Unknown
vasp_std_dri       000000000041971F  Unknown               Unknown  Unknown
vasp_std_dri       00000000005FA313  Unknown               Unknown  Unknown
vasp_std_dri       00000000006460F9  Unknown               Unknown  Unknown
vasp_std_dri       0000000000D46379  Unknown               Unknown  Unknown
vasp_std_dri       0000000000DB0F3E  Unknown               Unknown  Unknown
vasp_std_dri       000000000137B98D  Unknown               Unknown  Unknown
vasp_std_dri       000000000040B65E  Unknown               Unknown  Unknown
libc-2.17.so       00002B562AB11C05  __libc_start_main     Unknown  Unknown
vasp_std_dri       000000000040B569  Unknown               Unknown  Unknown
forrtl: error (78): process killed (SIGTERM)
Image              PC                Routine            Line        Source             
vasp_std_dri       000000000151F0AE  Unknown               Unknown  Unknown
libpthread-2.17.s  00002B9021A8B5E0  Unknown               Unknown  Unknown
libmpi.so.12.0     00002B9020D8E1C7  Unknown               Unknown  Unknown
libmpi.so.12.0     00002B9020D8C02E  Unknown               Unknown  Unknown
libmpi.so.12.0     00002B9020D55BD0  Unknown               Unknown  Unknown
libmpi.so.12       00002B9020B19BC8  PMPIDI_CH3I_Progr     Unknown  Unknown
libmpi.so.12.0     00002B9020C7E053  Unknown               Unknown  Unknown
libmpi.so.12.0     00002B9020AD6DD7  Unknown               Unknown  Unknown
libmpi.so.12       00002B9020ADD006  PMPI_Allreduce        Unknown  Unknown
libmpifort.so.12.  00002B902068EFF1  mpi_allreduce_        Unknown  Unknown
vasp_std_dri       000000000041971F  Unknown               Unknown  Unknown
vasp_std_dri       00000000005FA313  Unknown               Unknown  Unknown
vasp_std_dri       00000000006460F9  Unknown               Unknown  Unknown
vasp_std_dri       0000000000D46379  Unknown               Unknown  Unknown
vasp_std_dri       0000000000DB0F3E  Unknown               Unknown  Unknown
vasp_std_dri       000000000137B98D  Unknown               Unknown  Unknown
vasp_std_dri       000000000040B65E  Unknown               Unknown  Unknown
libc-2.17.so       00002B9021FBBC05  __libc_start_main     Unknown  Unknown
vasp_std_dri       000000000040B569  Unknown               Unknown  Unknown
forrtl: error (78): process killed (SIGTERM)
Image              PC                Routine            Line        Source             
vasp_std_dri       000000000151F0AE  Unknown               Unknown  Unknown
libpthread-2.17.s  00002B116A2E35E0  Unknown               Unknown  Unknown
libmpi.so.12.0     00002B11695E6277  Unknown               Unknown  Unknown
libmpi.so.12.0     00002B11695E402E  Unknown               Unknown  Unknown
libmpi.so.12.0     00002B11695ADBD0  Unknown               Unknown  Unknown
libmpi.so.12       00002B1169371BC8  PMPIDI_CH3I_Progr     Unknown  Unknown
libmpi.so.12.0     00002B11694D6053  Unknown               Unknown  Unknown
libmpi.so.12.0     00002B116932EDD7  Unknown               Unknown  Unknown
libmpi.so.12       00002B1169335006  PMPI_Allreduce        Unknown  Unknown
libmpifort.so.12.  00002B1168EE6FF1  mpi_allreduce_        Unknown  Unknown
vasp_std_dri       000000000041971F  Unknown               Unknown  Unknown
vasp_std_dri       00000000005FA313  Unknown               Unknown  Unknown
vasp_std_dri       00000000006460F9  Unknown               Unknown  Unknown
vasp_std_dri       0000000000D46379  Unknown               Unknown  Unknown
vasp_std_dri       0000000000DB0F3E  Unknown               Unknown  Unknown
vasp_std_dri       000000000137B98D  Unknown               Unknown  Unknown
vasp_std_dri       000000000040B65E  Unknown               Unknown  Unknown
libc-2.17.so       00002B116A813C05  __libc_start_main     Unknown  Unknown
vasp_std_dri       000000000040B569  Unknown               Unknown  Unknown
forrtl: error (78): process killed (SIGTERM)
Image              PC                Routine            Line        Source             
vasp_std_dri       000000000151F0AE  Unknown               Unknown  Unknown
libpthread-2.17.s  00002B1DA11E35E0  Unknown               Unknown  Unknown
vasp_std_dri       0000000000646C54  Unknown               Unknown  Unknown
vasp_std_dri       0000000000D46379  Unknown               Unknown  Unknown
vasp_std_dri       0000000000DB0F3E  Unknown               Unknown  Unknown
vasp_std_dri       000000000137B98D  Unknown               Unknown  Unknown
vasp_std_dri       000000000040B65E  Unknown               Unknown  Unknown
libc-2.17.so       00002B1DA1713C05  __libc_start_main     Unknown  Unknown
vasp_std_dri       000000000040B569  Unknown               Unknown  Unknown
forrtl: error (78): process killed (SIGTERM)
Image              PC                Routine            Line        Source             
vasp_std_dri       000000000151F0AE  Unknown               Unknown  Unknown
libpthread-2.17.s  00002AC789A3E5E0  Unknown               Unknown  Unknown
libmpi.so.12.0     00002AC788D413C9  Unknown               Unknown  Unknown
libmpi.so.12.0     00002AC788D3F02E  Unknown               Unknown  Unknown
libmpi.so.12.0     00002AC788D08BD0  Unknown               Unknown  Unknown
libmpi.so.12       00002AC788ACCBC8  PMPIDI_CH3I_Progr     Unknown  Unknown
libmpi.so.12.0     00002AC788C31053  Unknown               Unknown  Unknown
libmpi.so.12.0     00002AC788A89DD7  Unknown               Unknown  Unknown
libmpi.so.12       00002AC788A90006  PMPI_Allreduce        Unknown  Unknown
libmpifort.so.12.  00002AC788641FF1  mpi_allreduce_        Unknown  Unknown
vasp_std_dri       000000000041971F  Unknown               Unknown  Unknown
vasp_std_dri       00000000005FA313  Unknown               Unknown  Unknown
vasp_std_dri       00000000006460F9  Unknown               Unknown  Unknown
vasp_std_dri       0000000000D46379  Unknown               Unknown  Unknown
vasp_std_dri       0000000000DB0F3E  Unknown               Unknown  Unknown
vasp_std_dri       000000000137B98D  Unknown               Unknown  Unknown
vasp_std_dri       000000000040B65E  Unknown               Unknown  Unknown
libc-2.17.so       00002AC789F6EC05  __libc_start_main     Unknown  Unknown
vasp_std_dri       000000000040B569  Unknown               Unknown  Unknown
forrtl: error (78): process killed (SIGTERM)
Image              PC                Routine            Line        Source             
vasp_std_dri       000000000151F0AE  Unknown               Unknown  Unknown
libpthread-2.17.s  00002B56E7CC75E0  Unknown               Unknown  Unknown
vasp_std_dri       0000000001323FF5  Unknown               Unknown  Unknown
vasp_std_dri       000000000131AF62  Unknown               Unknown  Unknown
vasp_std_dri       000000000131BC4A  Unknown               Unknown  Unknown
vasp_std_dri       000000000131B546  Unknown               Unknown  Unknown
vasp_std_dri       000000000057BEF4  Unknown               Unknown  Unknown
vasp_std_dri       0000000000D465DC  Unknown               Unknown  Unknown
vasp_std_dri       0000000000DB0F3E  Unknown               Unknown  Unknown
vasp_std_dri       000000000137B98D  Unknown               Unknown  Unknown
vasp_std_dri       000000000040B65E  Unknown               Unknown  Unknown
libc-2.17.so       00002B56E81F7C05  __libc_start_main     Unknown  Unknown
vasp_std_dri       000000000040B569  Unknown               Unknown  Unknown
forrtl: error (78): process killed (SIGTERM)
Image              PC                Routine            Line        Source             
vasp_std_dri       000000000151F0AE  Unknown               Unknown  Unknown
libpthread-2.17.s  00002B3D535965E0  Unknown               Unknown  Unknown
libmkl_avx.so      00002B3D65249E41  Unknown               Unknown  Unknown
forrtl: error (78): process killed (SIGTERM)
Image              PC                Routine            Line        Source             
vasp_std_dri       000000000151F0AE  Unknown               Unknown  Unknown
libpthread-2.17.s  00002BA3025DD5E0  Unknown               Unknown  Unknown
vasp_std_dri       0000000001323FE6  Unknown               Unknown  Unknown
vasp_std_dri       000000000131AF62  Unknown               Unknown  Unknown
vasp_std_dri       000000000131BC4A  Unknown               Unknown  Unknown
vasp_std_dri       000000000131B546  Unknown               Unknown  Unknown
vasp_std_dri       000000000057BEF4  Unknown               Unknown  Unknown
vasp_std_dri       0000000000D465DC  Unknown               Unknown  Unknown
vasp_std_dri       0000000000DB0F3E  Unknown               Unknown  Unknown
vasp_std_dri       000000000137B98D  Unknown               Unknown  Unknown
vasp_std_dri       000000000040B65E  Unknown               Unknown  Unknown
libc-2.17.so       00002BA302B0DC05  __libc_start_main     Unknown  Unknown
vasp_std_dri       000000000040B569  Unknown               Unknown  Unknown
forrtl: error (78): process killed (SIGTERM)
Image              PC                Routine            Line        Source             
vasp_std_dri       000000000151F0AE  Unknown               Unknown  Unknown
libpthread-2.17.s  00002B04BEDBA5E0  Unknown               Unknown  Unknown
libmkl_avx.so      00002B04D0A50E16  Unknown               Unknown  Unknown
forrtl: error (78): process killed (SIGTERM)
Image              PC                Routine            Line        Source             
vasp_std_dri       000000000151F0AE  Unknown               Unknown  Unknown
libpthread-2.17.s  00002B6D49EA95E0  Unknown               Unknown  Unknown
vasp_std_dri       0000000001323FF5  Unknown               Unknown  Unknown
vasp_std_dri       000000000131AF62  Unknown               Unknown  Unknown
vasp_std_dri       000000000131BC4A  Unknown               Unknown  Unknown
vasp_std_dri       000000000131B546  Unknown               Unknown  Unknown
vasp_std_dri       000000000057BEF4  Unknown               Unknown  Unknown
vasp_std_dri       0000000000D465DC  Unknown               Unknown  Unknown
vasp_std_dri       0000000000DB0F3E  Unknown               Unknown  Unknown
vasp_std_dri       000000000137B98D  Unknown               Unknown  Unknown
vasp_std_dri       000000000040B65E  Unknown               Unknown  Unknown
libc-2.17.so       00002B6D4A3D9C05  __libc_start_main     Unknown  Unknown
vasp_std_dri       000000000040B569  Unknown               Unknown  Unknown
forrtl: error (78): process killed (SIGTERM)
Image              PC                Routine            Line        Source             
vasp_std_dri       000000000151F0AE  Unknown               Unknown  Unknown
libpthread-2.17.s  00002AF0117E05E0  Unknown               Unknown  Unknown
vasp_std_dri       00000000005FA975  Unknown               Unknown  Unknown
vasp_std_dri       00000000006460F9  Unknown               Unknown  Unknown
vasp_std_dri       0000000000D46379  Unknown               Unknown  Unknown
vasp_std_dri       0000000000DB0F3E  Unknown               Unknown  Unknown
vasp_std_dri       000000000137B98D  Unknown               Unknown  Unknown
vasp_std_dri       000000000040B65E  Unknown               Unknown  Unknown
libc-2.17.so       00002AF011D10C05  __libc_start_main     Unknown  Unknown
vasp_std_dri       000000000040B569  Unknown               Unknown  Unknown
forrtl: error (78): process killed (SIGTERM)
Image              PC                Routine            Line        Source             
vasp_std_dri       000000000151F0AE  Unknown               Unknown  Unknown
libpthread-2.17.s  00002AB351D375E0  Unknown               Unknown  Unknown
libmkl_avx.so      00002AB36489CD75  Unknown               Unknown  Unknown
forrtl: error (78): process killed (SIGTERM)
Image              PC                Routine            Line        Source             
vasp_std_dri       000000000151F0AE  Unknown               Unknown  Unknown
libpthread-2.17.s  00002B564DADE5E0  Unknown               Unknown  Unknown
libmpi.so.12.0     00002B564CB7D7F3  Unknown               Unknown  Unknown
libmpi.so.12.0     00002B564CB7AC7E  Unknown               Unknown  Unknown
libmpi.so.12       00002B564CB6C13D  PMPIDI_CH3I_Progr     Unknown  Unknown
libmpi.so.12.0     00002B564CF1A302  Unknown               Unknown  Unknown
libmpi.so.12.0     00002B564CCC70B0  Unknown               Unknown  Unknown
libmpi.so.12       00002B564CB382D7  PMPI_Alltoallv        Unknown  Unknown
libmpifort.so.12.  00002B564C6E2B21  pmpi_alltoallv_       Unknown  Unknown
vasp_std_dri       000000000041623E  Unknown               Unknown  Unknown
vasp_std_dri       0000000001323F0F  Unknown               Unknown  Unknown
vasp_std_dri       000000000131AF62  Unknown               Unknown  Unknown
vasp_std_dri       000000000131BC4A  Unknown               Unknown  Unknown
vasp_std_dri       000000000131B546  Unknown               Unknown  Unknown
vasp_std_dri       000000000057BEF4  Unknown               Unknown  Unknown
vasp_std_dri       0000000000D465DC  Unknown               Unknown  Unknown
vasp_std_dri       0000000000DB0F3E  Unknown               Unknown  Unknown
vasp_std_dri       000000000137B98D  Unknown               Unknown  Unknown
vasp_std_dri       000000000040B65E  Unknown               Unknown  Unknown
libc-2.17.so       00002B564E00EC05  __libc_start_main     Unknown  Unknown
vasp_std_dri       000000000040B569  Unknown               Unknown  Unknown
forrtl: error (78): process killed (SIGTERM)
Image              PC                Routine            Line        Source             
vasp_std_dri       000000000151F0AE  Unknown               Unknown  Unknown
libpthread-2.17.s  00002B9D8B2785E0  Unknown               Unknown  Unknown
libmpi.so.12.0     00002B9D8A3177F3  Unknown               Unknown  Unknown
libmpi.so.12.0     00002B9D8A314C7E  Unknown               Unknown  Unknown
libmpi.so.12       00002B9D8A30613D  PMPIDI_CH3I_Progr     Unknown  Unknown
libmpi.so.12.0     00002B9D8A6B4302  Unknown               Unknown  Unknown
libmpi.so.12.0     00002B9D8A4610B0  Unknown               Unknown  Unknown
libmpi.so.12       00002B9D8A2D22D7  PMPI_Alltoallv        Unknown  Unknown
libmpifort.so.12.  00002B9D89E7CB21  pmpi_alltoallv_       Unknown  Unknown
vasp_std_dri       000000000041623E  Unknown               Unknown  Unknown
vasp_std_dri       0000000001323F0F  Unknown               Unknown  Unknown
vasp_std_dri       000000000131AF62  Unknown               Unknown  Unknown
vasp_std_dri       000000000131BC4A  Unknown               Unknown  Unknown
vasp_std_dri       000000000131B546  Unknown               Unknown  Unknown
vasp_std_dri       000000000057BEF4  Unknown               Unknown  Unknown
vasp_std_dri       0000000000D465DC  Unknown               Unknown  Unknown
vasp_std_dri       0000000000DB0F3E  Unknown               Unknown  Unknown
vasp_std_dri       000000000137B98D  Unknown               Unknown  Unknown
vasp_std_dri       000000000040B65E  Unknown               Unknown  Unknown
libc-2.17.so       00002B9D8B7A8C05  __libc_start_main     Unknown  Unknown
vasp_std_dri       000000000040B569  Unknown               Unknown  Unknown
forrtl: error (78): process killed (SIGTERM)
Image              PC                Routine            Line        Source             
vasp_std_dri       000000000151F0AE  Unknown               Unknown  Unknown
libpthread-2.17.s  00002AB0B90B15E0  Unknown               Unknown  Unknown
libmpi.so.12.0     00002AB0B81507F3  Unknown               Unknown  Unknown
libmpi.so.12.0     00002AB0B814DC7E  Unknown               Unknown  Unknown
libmpi.so.12       00002AB0B813F13D  PMPIDI_CH3I_Progr     Unknown  Unknown
libmpi.so.12.0     00002AB0B84ED302  Unknown               Unknown  Unknown
libmpi.so.12.0     00002AB0B829A0B0  Unknown               Unknown  Unknown
libmpi.so.12       00002AB0B810B2D7  PMPI_Alltoallv        Unknown  Unknown
libmpifort.so.12.  00002AB0B7CB5B21  pmpi_alltoallv_       Unknown  Unknown
vasp_std_dri       000000000041623E  Unknown               Unknown  Unknown
vasp_std_dri       0000000001323F0F  Unknown               Unknown  Unknown
vasp_std_dri       000000000131AF62  Unknown               Unknown  Unknown
vasp_std_dri       000000000131BC4A  Unknown               Unknown  Unknown
vasp_std_dri       000000000131B546  Unknown               Unknown  Unknown
vasp_std_dri       000000000057BEF4  Unknown               Unknown  Unknown
vasp_std_dri       0000000000D465DC  Unknown               Unknown  Unknown
vasp_std_dri       0000000000DB0F3E  Unknown               Unknown  Unknown
vasp_std_dri       000000000137B98D  Unknown               Unknown  Unknown
vasp_std_dri       000000000040B65E  Unknown               Unknown  Unknown
libc-2.17.so       00002AB0B95E1C05  __libc_start_main     Unknown  Unknown
vasp_std_dri       000000000040B569  Unknown               Unknown  Unknown
forrtl: error (78): process killed (SIGTERM)
Image              PC                Routine            Line        Source             
vasp_std_dri       000000000151F0AE  Unknown               Unknown  Unknown
libpthread-2.17.s  00002AF296F4F5E0  Unknown               Unknown  Unknown
libmpi.so.12.0     00002AF295FEE7F3  Unknown               Unknown  Unknown
libmpi.so.12.0     00002AF295FEBC7E  Unknown               Unknown  Unknown
libmpi.so.12       00002AF295FDD13D  PMPIDI_CH3I_Progr     Unknown  Unknown
libmpi.so.12.0     00002AF29638B302  Unknown               Unknown  Unknown
libmpi.so.12.0     00002AF2961380B0  Unknown               Unknown  Unknown
libmpi.so.12       00002AF295FA92D7  PMPI_Alltoallv        Unknown  Unknown
libmpifort.so.12.  00002AF295B53B21  pmpi_alltoallv_       Unknown  Unknown
vasp_std_dri       000000000041623E  Unknown               Unknown  Unknown
vasp_std_dri       0000000001323F0F  Unknown               Unknown  Unknown
vasp_std_dri       000000000131AF62  Unknown               Unknown  Unknown
vasp_std_dri       000000000131BC4A  Unknown               Unknown  Unknown
vasp_std_dri       000000000131B546  Unknown               Unknown  Unknown
vasp_std_dri       000000000057BEF4  Unknown               Unknown  Unknown
vasp_std_dri       0000000000D465DC  Unknown               Unknown  Unknown
vasp_std_dri       0000000000DB0F3E  Unknown               Unknown  Unknown
vasp_std_dri       000000000137B98D  Unknown               Unknown  Unknown
vasp_std_dri       000000000040B65E  Unknown               Unknown  Unknown
libc-2.17.so       00002AF29747FC05  __libc_start_main     Unknown  Unknown
vasp_std_dri       000000000040B569  Unknown               Unknown  Unknown
forrtl: error (78): process killed (SIGTERM)
Image              PC                Routine            Line        Source             
vasp_std_dri       000000000151F0AE  Unknown               Unknown  Unknown
libpthread-2.17.s  00002AB313DD15E0  Unknown               Unknown  Unknown
libmpi.so.12.0     00002AB312E707F3  Unknown               Unknown  Unknown
libmpi.so.12.0     00002AB312E6DC7E  Unknown               Unknown  Unknown
libmpi.so.12       00002AB312E5F13D  PMPIDI_CH3I_Progr     Unknown  Unknown
libmpi.so.12.0     00002AB31320D302  Unknown               Unknown  Unknown
libmpi.so.12.0     00002AB312FBA0B0  Unknown               Unknown  Unknown
libmpi.so.12       00002AB312E2B2D7  PMPI_Alltoallv        Unknown  Unknown
libmpifort.so.12.  00002AB3129D5B21  pmpi_alltoallv_       Unknown  Unknown
vasp_std_dri       000000000041623E  Unknown               Unknown  Unknown
vasp_std_dri       0000000001323F0F  Unknown               Unknown  Unknown
vasp_std_dri       000000000131AF62  Unknown               Unknown  Unknown
vasp_std_dri       000000000131BC4A  Unknown               Unknown  Unknown
vasp_std_dri       000000000131B546  Unknown               Unknown  Unknown
vasp_std_dri       000000000057BEF4  Unknown               Unknown  Unknown
vasp_std_dri       0000000000D465DC  Unknown               Unknown  Unknown
vasp_std_dri       0000000000DB0F3E  Unknown               Unknown  Unknown
vasp_std_dri       000000000137B98D  Unknown               Unknown  Unknown
vasp_std_dri       000000000040B65E  Unknown               Unknown  Unknown
libc-2.17.so       00002AB314301C05  __libc_start_main     Unknown  Unknown
vasp_std_dri       000000000040B569  Unknown               Unknown  Unknown
forrtl: error (78): process killed (SIGTERM)
Image              PC                Routine            Line        Source             
vasp_std_dri       000000000151F0AE  Unknown               Unknown  Unknown
libpthread-2.17.s  00002B0944F995E0  Unknown               Unknown  Unknown
libmpi.so.12.0     00002B09440387F3  Unknown               Unknown  Unknown
libmpi.so.12.0     00002B0944035C7E  Unknown               Unknown  Unknown
libmpi.so.12       00002B094402713D  PMPIDI_CH3I_Progr     Unknown  Unknown
libmpi.so.12.0     00002B09443D5302  Unknown               Unknown  Unknown
libmpi.so.12.0     00002B09441820B0  Unknown               Unknown  Unknown
libmpi.so.12       00002B0943FF32D7  PMPI_Alltoallv        Unknown  Unknown
libmpifort.so.12.  00002B0943B9DB21  pmpi_alltoallv_       Unknown  Unknown
vasp_std_dri       000000000041623E  Unknown               Unknown  Unknown
vasp_std_dri       0000000001323F0F  Unknown               Unknown  Unknown
vasp_std_dri       000000000131AF62  Unknown               Unknown  Unknown
vasp_std_dri       000000000131BC4A  Unknown               Unknown  Unknown
vasp_std_dri       000000000131B546  Unknown               Unknown  Unknown
vasp_std_dri       000000000057BEF4  Unknown               Unknown  Unknown
vasp_std_dri       0000000000D465DC  Unknown               Unknown  Unknown
vasp_std_dri       0000000000DB0F3E  Unknown               Unknown  Unknown
vasp_std_dri       000000000137B98D  Unknown               Unknown  Unknown
vasp_std_dri       000000000040B65E  Unknown               Unknown  Unknown
libc-2.17.so       00002B09454C9C05  __libc_start_main     Unknown  Unknown
vasp_std_dri       000000000040B569  Unknown               Unknown  Unknown
forrtl: error (78): process killed (SIGTERM)
Image              PC                Routine            Line        Source             
vasp_std_dri       000000000151F0AE  Unknown               Unknown  Unknown
libpthread-2.17.s  00002B3E1AE335E0  Unknown               Unknown  Unknown
libmpi.so.12.0     00002B3E19ED27F3  Unknown               Unknown  Unknown
libmpi.so.12.0     00002B3E19ECFC7E  Unknown               Unknown  Unknown
libmpi.so.12       00002B3E19EC113D  PMPIDI_CH3I_Progr     Unknown  Unknown
libmpi.so.12.0     00002B3E1A26F302  Unknown               Unknown  Unknown
libmpi.so.12.0     00002B3E1A01C0B0  Unknown               Unknown  Unknown
libmpi.so.12       00002B3E19E8D2D7  PMPI_Alltoallv        Unknown  Unknown
libmpifort.so.12.  00002B3E19A37B21  pmpi_alltoallv_       Unknown  Unknown
vasp_std_dri       000000000041623E  Unknown               Unknown  Unknown
vasp_std_dri       0000000001323F0F  Unknown               Unknown  Unknown
vasp_std_dri       000000000131AF62  Unknown               Unknown  Unknown
vasp_std_dri       000000000131BC4A  Unknown               Unknown  Unknown
vasp_std_dri       000000000131B546  Unknown               Unknown  Unknown
vasp_std_dri       000000000057BEF4  Unknown               Unknown  Unknown
vasp_std_dri       0000000000D465DC  Unknown               Unknown  Unknown
vasp_std_dri       0000000000DB0F3E  Unknown               Unknown  Unknown
vasp_std_dri       000000000137B98D  Unknown               Unknown  Unknown
vasp_std_dri       000000000040B65E  Unknown               Unknown  Unknown
libc-2.17.so       00002B3E1B363C05  __libc_start_main     Unknown  Unknown
vasp_std_dri       000000000040B569  Unknown               Unknown  Unknown
forrtl: error (78): process killed (SIGTERM)
Image              PC                Routine            Line        Source             
vasp_std_dri       000000000151F0AE  Unknown               Unknown  Unknown
libpthread-2.17.s  00002BA4EBF7D5E0  Unknown               Unknown  Unknown
libmpi.so.12.0     00002BA4EB01C7F3  Unknown               Unknown  Unknown
libmpi.so.12.0     00002BA4EB019C7E  Unknown               Unknown  Unknown
libmpi.so.12       00002BA4EB00B13D  PMPIDI_CH3I_Progr     Unknown  Unknown
libmpi.so.12.0     00002BA4EB3B9302  Unknown               Unknown  Unknown
libmpi.so.12.0     00002BA4EB1660B0  Unknown               Unknown  Unknown
libmpi.so.12       00002BA4EAFD72D7  PMPI_Alltoallv        Unknown  Unknown
libmpifort.so.12.  00002BA4EAB81B21  pmpi_alltoallv_       Unknown  Unknown
vasp_std_dri       000000000041623E  Unknown               Unknown  Unknown
vasp_std_dri       0000000001323F0F  Unknown               Unknown  Unknown
vasp_std_dri       000000000131AF62  Unknown               Unknown  Unknown
vasp_std_dri       000000000131BC4A  Unknown               Unknown  Unknown
vasp_std_dri       000000000131B546  Unknown               Unknown  Unknown
vasp_std_dri       000000000057BEF4  Unknown               Unknown  Unknown
vasp_std_dri       0000000000D465DC  Unknown               Unknown  Unknown
vasp_std_dri       0000000000DB0F3E  Unknown               Unknown  Unknown
vasp_std_dri       000000000137B98D  Unknown               Unknown  Unknown
vasp_std_dri       000000000040B65E  Unknown               Unknown  Unknown
libc-2.17.so       00002BA4EC4ADC05  __libc_start_main     Unknown  Unknown
vasp_std_dri       000000000040B569  Unknown               Unknown  Unknown
forrtl: error (78): process killed (SIGTERM)
Image              PC                Routine            Line        Source             
vasp_std_dri       000000000151F0AE  Unknown               Unknown  Unknown
libpthread-2.17.s  00002AB227B3D5E0  Unknown               Unknown  Unknown
libmpi.so.12.0     00002AB226E40267  Unknown               Unknown  Unknown
libmpi.so.12.0     00002AB226E3E02E  Unknown               Unknown  Unknown
libmpi.so.12.0     00002AB226E07BD0  Unknown               Unknown  Unknown
libmpi.so.12       00002AB226BCBBC8  PMPIDI_CH3I_Progr     Unknown  Unknown
libmpi.so.12.0     00002AB226F79302  Unknown               Unknown  Unknown
libmpi.so.12.0     00002AB226D260B0  Unknown               Unknown  Unknown
libmpi.so.12       00002AB226B972D7  PMPI_Alltoallv        Unknown  Unknown
libmpifort.so.12.  00002AB226741B21  pmpi_alltoallv_       Unknown  Unknown
vasp_std_dri       000000000041623E  Unknown               Unknown  Unknown
vasp_std_dri       0000000001323F0F  Unknown               Unknown  Unknown
vasp_std_dri       000000000131AF62  Unknown               Unknown  Unknown
vasp_std_dri       000000000131BC4A  Unknown               Unknown  Unknown
vasp_std_dri       000000000131B546  Unknown               Unknown  Unknown
vasp_std_dri       000000000057BEF4  Unknown               Unknown  Unknown
vasp_std_dri       0000000000D465DC  Unknown               Unknown  Unknown
vasp_std_dri       0000000000DB0F3E  Unknown               Unknown  Unknown
vasp_std_dri       000000000137B98D  Unknown               Unknown  Unknown
vasp_std_dri       000000000040B65E  Unknown               Unknown  Unknown
libc-2.17.so       00002AB22806DC05  __libc_start_main     Unknown  Unknown
vasp_std_dri       000000000040B569  Unknown               Unknown  Unknown
forrtl: error (78): process killed (SIGTERM)
Image              PC                Routine            Line        Source             
vasp_std_dri       000000000151F0AE  Unknown               Unknown  Unknown
libpthread-2.17.s  00002B08E00AE5E0  Unknown               Unknown  Unknown
libmkl_avx.so      00002B08F13C03D0  Unknown               Unknown  Unknown
libmkl_avx.so      00002B08F3C9262D  mkl_dft_avx_ippsD     Unknown  Unknown
libmkl_avx.so      00002B08F21D2166  Unknown               Unknown  Unknown
libmkl_avx.so      00002B08F27F7495  Unknown               Unknown  Unknown
libmkl_intel_lp64  00002B08D8D154AF  DftiCommitDescrip     Unknown  Unknown
libmkl_intel_lp64  00002B08D8D1AD01  fftw_plan_guru64_     Unknown  Unknown
libmkl_intel_lp64  00002B08D8D21E8B  dfftw_plan_guru_d     Unknown  Unknown
libmkl_intel_lp64  00002B08D8D231EE  dfftw_plan_many_d     Unknown  Unknown
vasp_std_dri       000000000131B06A  Unknown               Unknown  Unknown
vasp_std_dri       000000000131BC4A  Unknown               Unknown  Unknown
vasp_std_dri       000000000131B546  Unknown               Unknown  Unknown
vasp_std_dri       000000000057BEF4  Unknown               Unknown  Unknown
vasp_std_dri       0000000000D465DC  Unknown               Unknown  Unknown
vasp_std_dri       0000000000DB0F3E  Unknown               Unknown  Unknown
vasp_std_dri       000000000137B98D  Unknown               Unknown  Unknown
vasp_std_dri       000000000040B65E  Unknown               Unknown  Unknown
libc-2.17.so       00002B08E05DEC05  __libc_start_main     Unknown  Unknown
vasp_std_dri       000000000040B569  Unknown               Unknown  Unknown
forrtl: error (78): process killed (SIGTERM)
Image              PC                Routine            Line        Source             
vasp_std_dri       000000000151F0AE  Unknown               Unknown  Unknown
libpthread-2.17.s  00002B1501F1B5E0  Unknown               Unknown  Unknown
libmkl_avx.so      00002B15169A7D00  mkl_dft_avx_ownsC     Unknown  Unknown
libmkl_avx.so      00002B15169A672D  mkl_dft_avx_ippsD     Unknown  Unknown
libmkl_avx.so      00002B1514EE6166  Unknown               Unknown  Unknown
libmkl_avx.so      00002B151550B495  Unknown               Unknown  Unknown
libmkl_intel_lp64  00002B14FAB824AF  DftiCommitDescrip     Unknown  Unknown
libmkl_intel_lp64  00002B14FAB87D01  fftw_plan_guru64_     Unknown  Unknown
libmkl_intel_lp64  00002B14FAB8EE8B  dfftw_plan_guru_d     Unknown  Unknown
libmkl_intel_lp64  00002B14FAB901EE  dfftw_plan_many_d     Unknown  Unknown
vasp_std_dri       000000000131B06A  Unknown               Unknown  Unknown
vasp_std_dri       000000000131BC4A  Unknown               Unknown  Unknown
vasp_std_dri       000000000131B546  Unknown               Unknown  Unknown
vasp_std_dri       000000000057BEF4  Unknown               Unknown  Unknown
vasp_std_dri       0000000000D465DC  Unknown               Unknown  Unknown
vasp_std_dri       0000000000DB0F3E  Unknown               Unknown  Unknown
vasp_std_dri       000000000137B98D  Unknown               Unknown  Unknown
vasp_std_dri       000000000040B65E  Unknown               Unknown  Unknown
libc-2.17.so       00002B150244BC05  __libc_start_main     Unknown  Unknown
vasp_std_dri       000000000040B569  Unknown               Unknown  Unknown
forrtl: error (78): process killed (SIGTERM)
Image              PC                Routine            Line        Source             
vasp_std_dri       000000000151F0AE  Unknown               Unknown  Unknown
libpthread-2.17.s  00002B38ED4325E0  Unknown               Unknown  Unknown
vasp_std_dri       00000000005FA99C  Unknown               Unknown  Unknown
vasp_std_dri       00000000006460F9  Unknown               Unknown  Unknown
vasp_std_dri       0000000000D46379  Unknown               Unknown  Unknown
vasp_std_dri       0000000000DB0F3E  Unknown               Unknown  Unknown
vasp_std_dri       000000000137B98D  Unknown               Unknown  Unknown
vasp_std_dri       000000000040B65E  Unknown               Unknown  Unknown
libc-2.17.so       00002B38ED962C05  __libc_start_main     Unknown  Unknown
vasp_std_dri       000000000040B569  Unknown               Unknown  Unknown
forrtl: error (78): process killed (SIGTERM)
Image              PC                Routine            Line        Source             
vasp_std_dri       000000000151F0AE  Unknown               Unknown  Unknown
libpthread-2.17.s  00002B62CB0575E0  Unknown               Unknown  Unknown
vasp_std_dri       00000000005FA99C  Unknown               Unknown  Unknown
vasp_std_dri       00000000006460F9  Unknown               Unknown  Unknown
vasp_std_dri       0000000000D46379  Unknown               Unknown  Unknown
vasp_std_dri       0000000000DB0F3E  Unknown               Unknown  Unknown
vasp_std_dri       000000000137B98D  Unknown               Unknown  Unknown
vasp_std_dri       000000000040B65E  Unknown               Unknown  Unknown
libc-2.17.so       00002B62CB587C05  __libc_start_main     Unknown  Unknown
vasp_std_dri       000000000040B569  Unknown               Unknown  Unknown
forrtl: error (78): process killed (SIGTERM)
Image              PC                Routine            Line        Source             
vasp_std_dri       000000000151F0AE  Unknown               Unknown  Unknown
libpthread-2.17.s  00002AEED24CD5E0  Unknown               Unknown  Unknown
libmkl_avx.so      00002AEEE489CEB8  Unknown               Unknown  Unknown
forrtl: error (78): process killed (SIGTERM)
Image              PC                Routine            Line        Source             
vasp_std_dri       000000000151F0AE  Unknown               Unknown  Unknown
libpthread-2.17.s  00002B1560FE85E0  Unknown               Unknown  Unknown
vasp_std_dri       00000000005FA975  Unknown               Unknown  Unknown
vasp_std_dri       00000000006460F9  Unknown               Unknown  Unknown
vasp_std_dri       0000000000D46379  Unknown               Unknown  Unknown
vasp_std_dri       0000000000DB0F3E  Unknown               Unknown  Unknown
vasp_std_dri       000000000137B98D  Unknown               Unknown  Unknown
vasp_std_dri       000000000040B65E  Unknown               Unknown  Unknown
libc-2.17.so       00002B1561518C05  __libc_start_main     Unknown  Unknown
vasp_std_dri       000000000040B569  Unknown               Unknown  Unknown
forrtl: error (78): process killed (SIGTERM)
Image              PC                Routine            Line        Source             
vasp_std_dri       000000000151F0AE  Unknown               Unknown  Unknown
libpthread-2.17.s  00002BA6339A75E0  Unknown               Unknown  Unknown
vasp_std_dri       000000000131B473  Unknown               Unknown  Unknown
vasp_std_dri       000000000057BEF4  Unknown               Unknown  Unknown
vasp_std_dri       0000000000D465DC  Unknown               Unknown  Unknown
vasp_std_dri       0000000000DB0F3E  Unknown               Unknown  Unknown
vasp_std_dri       000000000137B98D  Unknown               Unknown  Unknown
vasp_std_dri       000000000040B65E  Unknown               Unknown  Unknown
libc-2.17.so       00002BA633ED7C05  __libc_start_main     Unknown  Unknown
vasp_std_dri       000000000040B569  Unknown               Unknown  Unknown
forrtl: error (78): process killed (SIGTERM)
Image              PC                Routine            Line        Source             
vasp_std_dri       000000000151F0AE  Unknown               Unknown  Unknown
libpthread-2.17.s  00002B8CA776A5E0  Unknown               Unknown  Unknown
vasp_std_dri       000000000131B473  Unknown               Unknown  Unknown
vasp_std_dri       000000000057BEF4  Unknown               Unknown  Unknown
vasp_std_dri       0000000000D465DC  Unknown               Unknown  Unknown
vasp_std_dri       0000000000DB0F3E  Unknown               Unknown  Unknown
vasp_std_dri       000000000137B98D  Unknown               Unknown  Unknown
vasp_std_dri       000000000040B65E  Unknown               Unknown  Unknown
libc-2.17.so       00002B8CA7C9AC05  __libc_start_main     Unknown  Unknown
vasp_std_dri       000000000040B569  Unknown               Unknown  Unknown
forrtl: error (78): process killed (SIGTERM)
Image              PC                Routine            Line        Source             
vasp_std_dri       000000000151F0AE  Unknown               Unknown  Unknown
libpthread-2.17.s  00002AD74B7845E0  Unknown               Unknown  Unknown
vasp_std_dri       000000000131B528  Unknown               Unknown  Unknown
vasp_std_dri       000000000057BEF4  Unknown               Unknown  Unknown
vasp_std_dri       0000000000D465DC  Unknown               Unknown  Unknown
vasp_std_dri       0000000000DB0F3E  Unknown               Unknown  Unknown
vasp_std_dri       000000000137B98D  Unknown               Unknown  Unknown
vasp_std_dri       000000000040B65E  Unknown               Unknown  Unknown
libc-2.17.so       00002AD74BCB4C05  __libc_start_main     Unknown  Unknown
vasp_std_dri       000000000040B569  Unknown               Unknown  Unknown
forrtl: error (78): process killed (SIGTERM)
Image              PC                Routine            Line        Source             
vasp_std_dri       000000000151F0AE  Unknown               Unknown  Unknown
libpthread-2.17.s  00002AEF4D2F15E0  Unknown               Unknown  Unknown
vasp_std_dri       000000000131B531  Unknown               Unknown  Unknown
vasp_std_dri       000000000057BEF4  Unknown               Unknown  Unknown
vasp_std_dri       0000000000D465DC  Unknown               Unknown  Unknown
vasp_std_dri       0000000000DB0F3E  Unknown               Unknown  Unknown
vasp_std_dri       000000000137B98D  Unknown               Unknown  Unknown
vasp_std_dri       000000000040B65E  Unknown               Unknown  Unknown
libc-2.17.so       00002AEF4D821C05  __libc_start_main     Unknown  Unknown
vasp_std_dri       000000000040B569  Unknown               Unknown  Unknown
forrtl: error (78): process killed (SIGTERM)
Image              PC                Routine            Line        Source             
vasp_std_dri       000000000151F0AE  Unknown               Unknown  Unknown
libpthread-2.17.s  00002AFE7901C5E0  Unknown               Unknown  Unknown
vasp_std_dri       000000000131B528  Unknown               Unknown  Unknown
vasp_std_dri       000000000057BEF4  Unknown               Unknown  Unknown
vasp_std_dri       0000000000D465DC  Unknown               Unknown  Unknown
vasp_std_dri       0000000000DB0F3E  Unknown               Unknown  Unknown
vasp_std_dri       000000000137B98D  Unknown               Unknown  Unknown
vasp_std_dri       000000000040B65E  Unknown               Unknown  Unknown
libc-2.17.so       00002AFE7954CC05  __libc_start_main     Unknown  Unknown
vasp_std_dri       000000000040B569  Unknown               Unknown  Unknown
forrtl: error (78): process killed (SIGTERM)
Image              PC                Routine            Line        Source             
vasp_std_dri       000000000151F0AE  Unknown               Unknown  Unknown
libpthread-2.17.s  00002B03DC7375E0  Unknown               Unknown  Unknown
vasp_std_dri       000000000131B528  Unknown               Unknown  Unknown
vasp_std_dri       000000000057BEF4  Unknown               Unknown  Unknown
vasp_std_dri       0000000000D465DC  Unknown               Unknown  Unknown
vasp_std_dri       0000000000DB0F3E  Unknown               Unknown  Unknown
vasp_std_dri       000000000137B98D  Unknown               Unknown  Unknown
vasp_std_dri       000000000040B65E  Unknown               Unknown  Unknown
libc-2.17.so       00002B03DCC67C05  __libc_start_main     Unknown  Unknown
vasp_std_dri       000000000040B569  Unknown               Unknown  Unknown
forrtl: error (78): process killed (SIGTERM)
Image              PC                Routine            Line        Source             
vasp_std_dri       000000000151F0AE  Unknown               Unknown  Unknown
libpthread-2.17.s  00002B18047F05E0  Unknown               Unknown  Unknown
vasp_std_dri       000000000131B528  Unknown               Unknown  Unknown
vasp_std_dri       000000000057BEF4  Unknown               Unknown  Unknown
vasp_std_dri       0000000000D465DC  Unknown               Unknown  Unknown
vasp_std_dri       0000000000DB0F3E  Unknown               Unknown  Unknown
vasp_std_dri       000000000137B98D  Unknown               Unknown  Unknown
vasp_std_dri       000000000040B65E  Unknown               Unknown  Unknown
libc-2.17.so       00002B1804D20C05  __libc_start_main     Unknown  Unknown
vasp_std_dri       000000000040B569  Unknown               Unknown  Unknown
forrtl: error (78): process killed (SIGTERM)
Image              PC                Routine            Line        Source             
vasp_std_dri       000000000151F0AE  Unknown               Unknown  Unknown
libpthread-2.17.s  00002B4CEE45B5E0  Unknown               Unknown  Unknown
vasp_std_dri       000000000131B531  Unknown               Unknown  Unknown
vasp_std_dri       000000000057BEF4  Unknown               Unknown  Unknown
vasp_std_dri       0000000000D465DC  Unknown               Unknown  Unknown
vasp_std_dri       0000000000DB0F3E  Unknown               Unknown  Unknown
vasp_std_dri       000000000137B98D  Unknown               Unknown  Unknown
vasp_std_dri       000000000040B65E  Unknown               Unknown  Unknown
libc-2.17.so       00002B4CEE98BC05  __libc_start_main     Unknown  Unknown
vasp_std_dri       000000000040B569  Unknown               Unknown  Unknown
